# JRE version: Java(TM) SE Runtime Environment (17.0.12+8) (build 17.0.12+8-LTS-286)
# Java VM: Java HotSpot(TM) 64-Bit Server VM (17.0.12+8-LTS-286, mixed mode, sharing, tiered, compressed oops, compressed class ptrs, g1 gc, windows-amd64)
GC Precious Log:
 CPUs: 8 total, 8 available
 Memory: 7987M
 Large Page Support: Disabled
 NUMA Support: Disabled
 Compressed Oops: Enabled (32-bit)
 Heap Region Size: 1M
 Heap Min Capacity: 8M
 Heap Initial Capacity: 126M
 Heap Max Capacity: 2G
 Pre-touch: Disabled
 Parallel Workers: 8
 Concurrent Workers: 2
 Concurrent Refinement Workers: 8
 Periodic GC: Disabled
Heap:
 garbage-first heap   total 184320K, used 144274K [0x0000000080000000, 0x0000000100000000)
  region size 1024K, 9 young (9216K), 3 survivors (3072K)
 Metaspace       used 108884K, committed 109952K, reserved 557056K
  class space    used 15160K, committed 15680K, reserved 425984K
GC Heap History (20 events):
Event: 41.570 GC heap before
{Heap before GC invocations=58 (full 0):
 garbage-first heap   total 184320K, used 158671K [0x0000000080000000, 0x0000000100000000)
  region size 1024K, 35 young (35840K), 4 survivors (4096K)
 Metaspace       used 94863K, committed 95872K, reserved 557056K
  class space    used 13052K, committed 13504K, reserved 425984K
}
Event: 41.574 GC heap after
{Heap after GC invocations=59 (full 0):
 garbage-first heap   total 184320K, used 129084K [0x0000000080000000, 0x0000000100000000)
  region size 1024K, 4 young (4096K), 4 survivors (4096K)
 Metaspace       used 94863K, committed 95872K, reserved 557056K
  class space    used 13052K, committed 13504K, reserved 425984K
}
Event: 41.936 GC heap before
{Heap before GC invocations=59 (full 0):
 garbage-first heap   total 184320K, used 158780K [0x0000000080000000, 0x0000000100000000)
  region size 1024K, 33 young (33792K), 4 survivors (4096K)
 Metaspace       used 96514K, committed 97536K, reserved 557056K
  class space    used 13294K, committed 13760K, reserved 425984K
}
Event: 41.941 GC heap after
{Heap after GC invocations=60 (full 0):
 garbage-first heap   total 184320K, used 129939K [0x0000000080000000, 0x0000000100000000)
  region size 1024K, 3 young (3072K), 3 survivors (3072K)
 Metaspace       used 96514K, committed 97536K, reserved 557056K
  class space    used 13294K, committed 13760K, reserved 425984K
}
Event: 42.405 GC heap before
{Heap before GC invocations=60 (full 0):
 garbage-first heap   total 184320K, used 160659K [0x0000000080000000, 0x0000000100000000)
  region size 1024K, 32 young (32768K), 3 survivors (3072K)
 Metaspace       used 98035K, committed 99072K, reserved 557056K
  class space    used 13530K, committed 14016K, reserved 425984K
}
Event: 42.408 GC heap after
{Heap after GC invocations=61 (full 0):
 garbage-first heap   total 184320K, used 130657K [0x0000000080000000, 0x0000000100000000)
  region size 1024K, 2 young (2048K), 2 survivors (2048K)
 Metaspace       used 98035K, committed 99072K, reserved 557056K
  class space    used 13530K, committed 14016K, reserved 425984K
}
Event: 42.900 GC heap before
{Heap before GC invocations=61 (full 0):
 garbage-first heap   total 184320K, used 160353K [0x0000000080000000, 0x0000000100000000)
  region size 1024K, 31 young (31744K), 2 survivors (2048K)
 Metaspace       used 99652K, committed 100672K, reserved 557056K
  class space    used 13871K, committed 14336K, reserved 425984K
}
Event: 42.903 GC heap after
{Heap after GC invocations=62 (full 0):
 garbage-first heap   total 184320K, used 131475K [0x0000000080000000, 0x0000000100000000)
  region size 1024K, 3 young (3072K), 3 survivors (3072K)
 Metaspace       used 99652K, committed 100672K, reserved 557056K
  class space    used 13871K, committed 14336K, reserved 425984K
}
Event: 43.453 GC heap before
{Heap before GC invocations=62 (full 0):
 garbage-first heap   total 184320K, used 161171K [0x0000000080000000, 0x0000000100000000)
  region size 1024K, 32 young (32768K), 3 survivors (3072K)
 Metaspace       used 101534K, committed 102528K, reserved 557056K
  class space    used 14115K, committed 14592K, reserved 425984K
}
Event: 43.457 GC heap after
{Heap after GC invocations=63 (full 0):
 garbage-first heap   total 184320K, used 132235K [0x0000000080000000, 0x0000000100000000)
  region size 1024K, 3 young (3072K), 3 survivors (3072K)
 Metaspace       used 101534K, committed 102528K, reserved 557056K
  class space    used 14115K, committed 14592K, reserved 425984K
}
Event: 43.874 GC heap before
{Heap before GC invocations=63 (full 0):
 garbage-first heap   total 184320K, used 160907K [0x0000000080000000, 0x0000000100000000)
  region size 1024K, 31 young (31744K), 3 survivors (3072K)
 Metaspace       used 102943K, committed 104064K, reserved 557056K
  class space    used 14299K, committed 14784K, reserved 425984K
}
Event: 43.877 GC heap after
{Heap after GC invocations=64 (full 0):
 garbage-first heap   total 184320K, used 133211K [0x0000000080000000, 0x0000000100000000)
  region size 1024K, 3 young (3072K), 3 survivors (3072K)
 Metaspace       used 102943K, committed 104064K, reserved 557056K
  class space    used 14299K, committed 14784K, reserved 425984K
}
Event: 44.350 GC heap before
{Heap before GC invocations=64 (full 0):
 garbage-first heap   total 184320K, used 160859K [0x0000000080000000, 0x0000000100000000)
  region size 1024K, 30 young (30720K), 3 survivors (3072K)
 Metaspace       used 104355K, committed 105408K, reserved 557056K
  class space    used 14494K, committed 14976K, reserved 425984K
}
Event: 44.355 GC heap after
{Heap after GC invocations=65 (full 0):
 garbage-first heap   total 184320K, used 134844K [0x0000000080000000, 0x0000000100000000)
  region size 1024K, 4 young (4096K), 4 survivors (4096K)
 Metaspace       used 104355K, committed 105408K, reserved 557056K
  class space    used 14494K, committed 14976K, reserved 425984K
}
Event: 48.419 GC heap before
{Heap before GC invocations=65 (full 0):
 garbage-first heap   total 184320K, used 159420K [0x0000000080000000, 0x0000000100000000)
  region size 1024K, 29 young (29696K), 4 survivors (4096K)
 Metaspace       used 105222K, committed 106304K, reserved 557056K
  class space    used 14607K, committed 15104K, reserved 425984K
}
Event: 48.425 GC heap after
{Heap after GC invocations=66 (full 0):
 garbage-first heap   total 184320K, used 136915K [0x0000000080000000, 0x0000000100000000)
  region size 1024K, 4 young (4096K), 4 survivors (4096K)
 Metaspace       used 105222K, committed 106304K, reserved 557056K
  class space    used 14607K, committed 15104K, reserved 425984K
}
Event: 48.983 GC heap before
{Heap before GC invocations=66 (full 0):
 garbage-first heap   total 184320K, used 159443K [0x0000000080000000, 0x0000000100000000)
  region size 1024K, 27 young (27648K), 4 survivors (4096K)
 Metaspace       used 106699K, committed 107840K, reserved 557056K
  class space    used 14826K, committed 15360K, reserved 425984K
}
Event: 48.989 GC heap after
{Heap after GC invocations=67 (full 0):
 garbage-first heap   total 184320K, used 137962K [0x0000000080000000, 0x0000000100000000)
  region size 1024K, 4 young (4096K), 4 survivors (4096K)
 Metaspace       used 106699K, committed 107840K, reserved 557056K
  class space    used 14826K, committed 15360K, reserved 425984K
}
Event: 49.330 GC heap before
{Heap before GC invocations=67 (full 0):
 garbage-first heap   total 184320K, used 160490K [0x0000000080000000, 0x0000000100000000)
  region size 1024K, 26 young (26624K), 4 survivors (4096K)
 Metaspace       used 108211K, committed 109312K, reserved 557056K
  class space    used 15083K, committed 15616K, reserved 425984K
}
Event: 49.333 GC heap after
{Heap after GC invocations=68 (full 0):
 garbage-first heap   total 184320K, used 139154K [0x0000000080000000, 0x0000000100000000)
  region size 1024K, 3 young (3072K), 3 survivors (3072K)
 Metaspace       used 108211K, committed 109312K, reserved 557056K
  class space    used 15083K, committed 15616K, reserved 425984K
}

